<?xml version="1.0" encoding="UTF-8"?>
<testng-results total="1" passed="1" failed="0" skipped="0">
  <reporter-output>
    <line>
      <![CDATA[Abishek is good boy]]>
    </line>
  </reporter-output>
  <suite started-at="2022-07-25T16:09:51Z" name="Default suite" finished-at="2022-07-25T16:09:51Z" duration-ms="29">
    <groups>
    </groups>
    <test started-at="2022-07-25T16:09:51Z" name="Default test" finished-at="2022-07-25T16:09:51Z" duration-ms="29">
      <class name="com.MavenDemo.Demo3Test">
        <test-method signature="demoNew()[pri:0, instance:com.MavenDemo.Demo3Test@36cda2c2]" started-at="2022-07-25T21:39:51Z" name="demoNew" finished-at="2022-07-25T21:39:51Z" duration-ms="10" status="PASS">
          <reporter-output>
            <line>
              <![CDATA[Abishek is good boy]]>
            </line>
          </reporter-output>
        </test-method> <!-- demoNew -->
      </class> <!-- com.MavenDemo.Demo3Test -->
    </test> <!-- Default test -->
  </suite> <!-- Default suite -->
</testng-results>
